//// CSR12 \\\\ 

set version 20200306.092717_builder.r1092714
set system login user admin uid 1776
set system login user admin class super-user
set system login user admin authentication encrypted-password "$6$hUIybAjB$oaSiTlBDOoTjZ6WXI3MUUxQc.oWiEeeoRGGQDnuCIda5vXyLha3BnaxKp5/bvNOlc/ycjIvY9un37wwYAFU/t0"
set system root-authentication encrypted-password "$6$Fh3/UMBQ$02EPxKQKf8GVI10APZoeL7aILBIZyy1alwp1WLNhzvv.19KA9YclB9ubUoZRrg4ufIDUVuIPMk3f/CVtXPhiZ0"
set system services ssh root-login allow
set system services ssh protocol-version v2
set system services netconf ssh
set system host-name CSR12
set system domain-name bytesofcloud.local
set system domain-search bytesofcloud.local
set system time-zone America/Chicago
set system management-instance
set system syslog user * any emergency
set system syslog file messages any notice
set system syslog file messages authorization info
set system syslog file interactive-commands interactive-commands any
set interfaces ge-0/0/0 unit 0 description CSR9
set interfaces ge-0/0/0 unit 0 family bridge interface-mode trunk
set interfaces ge-0/0/0 unit 0 family bridge vlan-id-list 1-300
set interfaces ge-0/0/1 disable
set interfaces ge-0/0/1 unit 0 description CSR9
set interfaces ge-0/0/1 unit 0 family bridge interface-mode trunk
set interfaces ge-0/0/1 unit 0 family bridge vlan-id-list 1-250
set interfaces ge-0/0/9 unit 0 description VPC-1
set interfaces ge-0/0/9 unit 0 family bridge interface-mode access
set interfaces ge-0/0/9 unit 0 family bridge vlan-id 215
set interfaces fxp0 description "OOB MGMT"
set interfaces fxp0 unit 0 family inet address 192.168.21.112/24
set interfaces irb unit 10 description "NETWORK MGMT"
set interfaces irb unit 10 family inet address 192.168.210.12/24
set interfaces lo0 unit 0 family inet address 10.255.255.112/32
set routing-instances mgmt_junos routing-options static route 0.0.0.0/0 next-hop 192.168.21.1
set routing-options static route 0.0.0.0/0 next-hop 192.168.210.1
set protocols lldp interface all
set protocols rstp bridge-priority 48k
set protocols rstp system-id aa:aa:aa:aa:aa:12
set protocols rstp interface ge-0/0/0
set protocols rstp interface ge-0/0/1
set protocols rstp interface ge-0/0/9 edge
set bridge-domains vlan-10 description "NETWORK MGMT"
set bridge-domains vlan-10 vlan-id 10
set bridge-domains vlan-10 routing-interface irb.10
set bridge-domains vlan-215 description USER-215
set bridge-domains vlan-215 vlan-id 215
